2024-06-27 10:36:12.452  INFO 21320 --- [           main] org.springframework.boot.web.embedded.tomcat.TomcatWebServer : Tomcat initialized with port 8080 (http)
2024-06-27 10:36:12.464  INFO 21320 --- [           main] org.apache.catalina.core.StandardService : Starting service [Tomcat]
2024-06-27 10:36:12.464  INFO 21320 --- [           main] org.apache.catalina.core.StandardEngine : Starting Servlet engine: [Apache Tomcat/10.1.25]
2024-06-27 10:36:12.495  INFO 21320 --- [           main] org.apache.catalina.core.ContainerBase.[Tomcat].[localhost].[/] : Initializing Spring embedded WebApplicationContext
2024-06-27 10:36:12.496  INFO 21320 --- [           main] org.springframework.boot.web.servlet.context.ServletWebServerApplicationContext : Root WebApplicationContext: initialization completed in 666 ms
2024-06-27 10:36:12.726  INFO 21320 --- [           main] org.springframework.boot.web.embedded.tomcat.TomcatWebServer : Tomcat started on port 8080 (http) with context path '/'
2024-06-27 10:36:44.274  INFO 11456 --- [           main] org.springframework.boot.web.embedded.tomcat.TomcatWebServer : Tomcat initialized with port 8080 (http)
2024-06-27 10:36:44.290  INFO 11456 --- [           main] org.apache.catalina.core.StandardService : Starting service [Tomcat]
2024-06-27 10:36:44.291  INFO 11456 --- [           main] org.apache.catalina.core.StandardEngine : Starting Servlet engine: [Apache Tomcat/10.1.25]
2024-06-27 10:36:44.319  INFO 11456 --- [           main] org.apache.catalina.core.ContainerBase.[Tomcat].[localhost].[/] : Initializing Spring embedded WebApplicationContext
2024-06-27 10:36:44.320  INFO 11456 --- [           main] org.springframework.boot.web.servlet.context.ServletWebServerApplicationContext : Root WebApplicationContext: initialization completed in 540 ms
2024-06-27 10:36:44.534  INFO 11456 --- [           main] org.springframework.boot.web.embedded.tomcat.TomcatWebServer : Tomcat started on port 8080 (http) with context path '/'
2024-06-27 10:38:40.006  INFO 24208 --- [           main] org.springframework.boot.web.embedded.tomcat.TomcatWebServer : Tomcat initialized with port 8080 (http)
2024-06-27 10:38:40.018  INFO 24208 --- [           main] org.apache.catalina.core.StandardService : Starting service [Tomcat]
2024-06-27 10:38:40.018  INFO 24208 --- [           main] org.apache.catalina.core.StandardEngine : Starting Servlet engine: [Apache Tomcat/10.1.25]
2024-06-27 10:38:40.051  INFO 24208 --- [           main] org.apache.catalina.core.ContainerBase.[Tomcat].[localhost].[/] : Initializing Spring embedded WebApplicationContext
2024-06-27 10:38:40.052  INFO 24208 --- [           main] org.springframework.boot.web.servlet.context.ServletWebServerApplicationContext : Root WebApplicationContext: initialization completed in 511 ms
2024-06-27 10:38:40.256  INFO 24208 --- [           main] org.springframework.boot.web.embedded.tomcat.TomcatWebServer : Tomcat started on port 8080 (http) with context path '/'
2024-06-27 10:38:45.778  INFO 24208 --- [nio-8080-exec-1] org.apache.catalina.core.ContainerBase.[Tomcat].[localhost].[/] : Initializing Spring DispatcherServlet 'dispatcherServlet'
2024-06-27 10:38:45.779  INFO 24208 --- [nio-8080-exec-1] org.springframework.web.servlet.DispatcherServlet : Initializing Servlet 'dispatcherServlet'
2024-06-27 10:38:45.780  INFO 24208 --- [nio-8080-exec-1] org.springframework.web.servlet.DispatcherServlet : Completed initialization in 1 ms
2024-06-27 10:39:30.151  INFO 1816 --- [           main] org.springframework.boot.web.embedded.tomcat.TomcatWebServer : Tomcat initialized with port 8080 (http)
2024-06-27 10:39:30.162  INFO 1816 --- [           main] org.apache.catalina.core.StandardService : Starting service [Tomcat]
2024-06-27 10:39:30.163  INFO 1816 --- [           main] org.apache.catalina.core.StandardEngine : Starting Servlet engine: [Apache Tomcat/10.1.25]
2024-06-27 10:39:30.192  INFO 1816 --- [           main] org.apache.catalina.core.ContainerBase.[Tomcat].[localhost].[/] : Initializing Spring embedded WebApplicationContext
2024-06-27 10:39:30.193  INFO 1816 --- [           main] org.springframework.boot.web.servlet.context.ServletWebServerApplicationContext : Root WebApplicationContext: initialization completed in 557 ms
2024-06-27 10:39:30.410  INFO 1816 --- [           main] org.springframework.boot.web.embedded.tomcat.TomcatWebServer : Tomcat started on port 8080 (http) with context path '/'
2024-06-27 10:39:32.218  INFO 1816 --- [nio-8080-exec-1] org.apache.catalina.core.ContainerBase.[Tomcat].[localhost].[/] : Initializing Spring DispatcherServlet 'dispatcherServlet'
2024-06-27 10:39:32.219  INFO 1816 --- [nio-8080-exec-1] org.springframework.web.servlet.DispatcherServlet : Initializing Servlet 'dispatcherServlet'
2024-06-27 10:39:32.220  INFO 1816 --- [nio-8080-exec-1] org.springframework.web.servlet.DispatcherServlet : Completed initialization in 0 ms
